c:\users\carles\documents\github\xml\xml\motor2d\debug\vc141.pdb
c:\users\carles\documents\github\xml\xml\motor2d\debug\vc141.idb
c:\users\carles\documents\github\xml\xml\motor2d\debug\j1main.obj
c:\users\carles\documents\github\xml\xml\motor2d\debug\j1app.obj
c:\users\carles\documents\github\xml\xml\motor2d\debug\j1audio.obj
c:\users\carles\documents\github\xml\xml\motor2d\debug\j1input.obj
c:\users\carles\documents\github\xml\xml\motor2d\debug\j1scene.obj
c:\users\carles\documents\github\xml\xml\motor2d\debug\p2log.obj
c:\users\carles\documents\github\xml\xml\motor2d\debug\j1render.obj
c:\users\carles\documents\github\xml\xml\motor2d\debug\j1textures.obj
c:\users\carles\documents\github\xml\xml\motor2d\debug\j1window.obj
c:\users\carles\documents\github\xml\xml\motor2d\debug\pugixml.obj
c:\users\carles\documents\github\xml\xml\debug\motor 2d.ilk
c:\users\carles\documents\github\xml\xml\debug\motor 2d.exe
c:\users\carles\documents\github\xml\xml\debug\motor 2d.pdb
c:\users\carles\documents\github\xml\xml\motor2d\debug\motor 2d.tlog\cl.command.1.tlog
c:\users\carles\documents\github\xml\xml\motor2d\debug\motor 2d.tlog\cl.read.1.tlog
c:\users\carles\documents\github\xml\xml\motor2d\debug\motor 2d.tlog\cl.write.1.tlog
c:\users\carles\documents\github\xml\xml\motor2d\debug\motor 2d.tlog\link.command.1.tlog
c:\users\carles\documents\github\xml\xml\motor2d\debug\motor 2d.tlog\link.read.1.tlog
c:\users\carles\documents\github\xml\xml\motor2d\debug\motor 2d.tlog\link.write.1.tlog
